##################################################################################################
##                                                                                              ##
##    lossDev is an R-package.                                                                  ##
##    It is a Bayesian time series model of loss development.                                   ##
##    Features include skewed Student-t distribution with time-varying scale parameters,        ##
##    an expert prior for the calendar year effect,                                             ##
##    and accommodation for structural breaks in the consumption path of services.              ##
##                                                                                              ##
##    Copyright © 2009, National Council On Compensation Insurance Inc.,                        ##
##                                                                                              ##
##    This file is part of lossDev.                                                             ##
##                                                                                              ##
##    lossDev is free software: you can redistribute it and/or modify                           ##
##    it under the terms of the GNU General Public License as published by                      ##
##    the Free Software Foundation, either version 3 of the License, or                         ##
##    (at your option) any later version.                                                       ##
##                                                                                              ##
##    This program is distributed in the hope that it will be useful,                           ##
##    but WITHOUT ANY WARRANTY; without even the implied warranty of                            ##
##    MERCHANTABILITY or FITNESS FOR A PARTICULAR PURPOSE.  See the                             ##
##    GNU General Public License for more details.                                              ##
##                                                                                              ##
##    You should have received a copy of the GNU General Public License                         ##
##    along with this program.  If not, see <http://www.gnu.org/licenses/>.                     ##
##                                                                                              ##
##################################################################################################

9/17/2009 Chris Laws rjumpv3.0.2
	Minor bug fix.  Indexing in RJumpSlpine.cpp was off by 1 which caused the estimated calendar year effect to be incorrect.

10/6/2009 Chris Laws rjumpv3.0.3
	Changed parameterization of proposal distribution for knot positions.

	
